<?xml version="1.0" encoding="UTF-8"?>
<!-- Generated by org.testng.reporters.JUnitXMLReporter -->
<testsuite ignored="5" hostname="Sivam" failures="1" tests="1" name="Test(failed)" time="0.116" errors="0" timestamp="2024-06-07T10:55:18 IST">
  <testcase classname="execuationPack.ParallelExample" name="amzone" time="0.033">
    <failure type="java.lang.AssertionError" message="expected [true] but found [false]">
      <![CDATA[java.lang.AssertionError: expected [true] but found [false]
at execuationPack.ParallelExample.amzone(ParallelExample.java:25)
at java.base/java.util.ArrayList.forEach(ArrayList.java:1541)
... Removed 34 stack frames]]>
    </failure>
  </testcase> <!-- amzone -->
  <testcase classname="execuationPack.ParallelExample" name="flipkart2" time="0.0">
    <ignored/>
  </testcase> <!-- flipkart2 -->
  <testcase classname="execuationPack.ParallelExample" name="flipkart" time="0.0">
    <ignored/>
  </testcase> <!-- flipkart -->
  <testcase classname="execuationPack.ParallelExample" name="snapDeal2" time="0.0">
    <ignored/>
  </testcase> <!-- snapDeal2 -->
  <testcase classname="execuationPack.ParallelExample" name="amzone2" time="0.0">
    <ignored/>
  </testcase> <!-- amzone2 -->
  <testcase classname="execuationPack.ParallelExample" name="snapDeal" time="0.0">
    <ignored/>
  </testcase> <!-- snapDeal -->
</testsuite> <!-- Test(failed) -->
